# JRE version: Java(TM) SE Runtime Environment (8.0_131-b11) (build 1.8.0_131-b11)
# Java VM: Java HotSpot(TM) 64-Bit Server VM (25.131-b11 mixed mode bsd-amd64 compressed oops)
Heap:
 PSYoungGen      total 233472K, used 35474K [0x0000000795580000, 0x00000007a4e80000, 0x00000007c0000000)
  eden space 220160K, 10% used [0x0000000795580000,0x0000000796b2b788,0x00000007a2c80000)
  from space 13312K, 99% used [0x00000007a4180000,0x00000007a4e79288,0x00000007a4e80000)
  to   space 15872K, 0% used [0x00000007a2f80000,0x00000007a2f80000,0x00000007a3f00000)
 ParOldGen       total 53760K, used 14269K [0x0000000740000000, 0x0000000743480000, 0x0000000795580000)
  object space 53760K, 26% used [0x0000000740000000,0x0000000740def478,0x0000000743480000)
 Metaspace       used 32942K, capacity 33366K, committed 33536K, reserved 1079296K
  class space    used 4221K, capacity 4342K, committed 4352K, reserved 1048576K
GC Heap History (10 events):
Event: 2.446 GC heap before
{Heap before GC invocations=5 (full 0):
 PSYoungGen      total 71680K, used 71648K [0x0000000795580000, 0x000000079a080000, 0x00000007c0000000)
  eden space 66560K, 100% used [0x0000000795580000,0x0000000799680000,0x0000000799680000)
  from space 5120K, 99% used [0x0000000799b80000,0x000000079a078040,0x000000079a080000)
  to   space 5120K, 0% used [0x0000000799680000,0x0000000799680000,0x0000000799b80000)
 ParOldGen       total 87552K, used 3685K [0x0000000740000000, 0x0000000745580000, 0x0000000795580000)
  object space 87552K, 4% used [0x0000000740000000,0x0000000740399478,0x0000000745580000)
 Metaspace       used 20597K, capacity 20958K, committed 21248K, reserved 1067008K
  class space    used 2647K, capacity 2772K, committed 2816K, reserved 1048576K
Event: 2.457 GC heap after
Heap after GC invocations=5 (full 0):
 PSYoungGen      total 71680K, used 5088K [0x0000000795580000, 0x000000079eb80000, 0x00000007c0000000)
  eden space 66560K, 0% used [0x0000000795580000,0x0000000795580000,0x0000000799680000)
  from space 5120K, 99% used [0x0000000799680000,0x0000000799b78040,0x0000000799b80000)
  to   space 10240K, 0% used [0x000000079e180000,0x000000079e180000,0x000000079eb80000)
 ParOldGen       total 87552K, used 8035K [0x0000000740000000, 0x0000000745580000, 0x0000000795580000)
  object space 87552K, 9% used [0x0000000740000000,0x00000007407d8c38,0x0000000745580000)
 Metaspace       used 20597K, capacity 20958K, committed 21248K, reserved 1067008K
  class space    used 2647K, capacity 2772K, committed 2816K, reserved 1048576K
}
Event: 2.495 GC heap before
{Heap before GC invocations=6 (full 0):
 PSYoungGen      total 71680K, used 11955K [0x0000000795580000, 0x000000079eb80000, 0x00000007c0000000)
  eden space 66560K, 10% used [0x0000000795580000,0x0000000795c34d28,0x0000000799680000)
  from space 5120K, 99% used [0x0000000799680000,0x0000000799b78040,0x0000000799b80000)
  to   space 10240K, 0% used [0x000000079e180000,0x000000079e180000,0x000000079eb80000)
 ParOldGen       total 87552K, used 8035K [0x0000000740000000, 0x0000000745580000, 0x0000000795580000)
  object space 87552K, 9% used [0x0000000740000000,0x00000007407d8c38,0x0000000745580000)
 Metaspace       used 20832K, capacity 21182K, committed 21248K, reserved 1067008K
  class space    used 2682K, capacity 2804K, committed 2816K, reserved 1048576K
Event: 2.504 GC heap after
Heap after GC invocations=6 (full 0):
 PSYoungGen      total 142336K, used 5618K [0x0000000795580000, 0x000000079ea80000, 0x00000007c0000000)
  eden space 133120K, 0% used [0x0000000795580000,0x0000000795580000,0x000000079d780000)
  from space 9216K, 60% used [0x000000079e180000,0x000000079e6fcb50,0x000000079ea80000)
  to   space 9728K, 0% used [0x000000079d780000,0x000000079d780000,0x000000079e100000)
 ParOldGen       total 87552K, used 8043K [0x0000000740000000, 0x0000000745580000, 0x0000000795580000)
  object space 87552K, 9% used [0x0000000740000000,0x00000007407dac38,0x0000000745580000)
 Metaspace       used 20832K, capacity 21182K, committed 21248K, reserved 1067008K
  class space    used 2682K, capacity 2804K, committed 2816K, reserved 1048576K
}
Event: 2.504 GC heap before
{Heap before GC invocations=7 (full 1):
 PSYoungGen      total 142336K, used 5618K [0x0000000795580000, 0x000000079ea80000, 0x00000007c0000000)
  eden space 133120K, 0% used [0x0000000795580000,0x0000000795580000,0x000000079d780000)
  from space 9216K, 60% used [0x000000079e180000,0x000000079e6fcb50,0x000000079ea80000)
  to   space 9728K, 0% used [0x000000079d780000,0x000000079d780000,0x000000079e100000)
 ParOldGen       total 87552K, used 8043K [0x0000000740000000, 0x0000000745580000, 0x0000000795580000)
  object space 87552K, 9% used [0x0000000740000000,0x00000007407dac38,0x0000000745580000)
 Metaspace       used 20832K, capacity 21182K, committed 21248K, reserved 1067008K
  class space    used 2682K, capacity 2804K, committed 2816K, reserved 1048576K
Event: 2.557 GC heap after
Heap after GC invocations=7 (full 1):
 PSYoungGen      total 142336K, used 0K [0x0000000795580000, 0x000000079ea80000, 0x00000007c0000000)
  eden space 133120K, 0% used [0x0000000795580000,0x0000000795580000,0x000000079d780000)
  from space 9216K, 0% used [0x000000079e180000,0x000000079e180000,0x000000079ea80000)
  to   space 9728K, 0% used [0x000000079d780000,0x000000079d780000,0x000000079e100000)
 ParOldGen       total 53760K, used 7840K [0x0000000740000000, 0x0000000743480000, 0x0000000795580000)
  object space 53760K, 14% used [0x0000000740000000,0x00000007407a8178,0x0000000743480000)
 Metaspace       used 20832K, capacity 21182K, committed 21248K, reserved 1067008K
  class space    used 2682K, capacity 2804K, committed 2816K, reserved 1048576K
}
Event: 3.605 GC heap before
{Heap before GC invocations=8 (full 1):
 PSYoungGen      total 142336K, used 133120K [0x0000000795580000, 0x000000079ea80000, 0x00000007c0000000)
  eden space 133120K, 100% used [0x0000000795580000,0x000000079d780000,0x000000079d780000)
  from space 9216K, 0% used [0x000000079e180000,0x000000079e180000,0x000000079ea80000)
  to   space 9728K, 0% used [0x000000079d780000,0x000000079d780000,0x000000079e100000)
 ParOldGen       total 53760K, used 7840K [0x0000000740000000, 0x0000000743480000, 0x0000000795580000)
  object space 53760K, 14% used [0x0000000740000000,0x00000007407a8178,0x0000000743480000)
 Metaspace       used 26805K, capacity 27252K, committed 27520K, reserved 1073152K
  class space    used 3495K, capacity 3620K, committed 3712K, reserved 1048576K
Event: 3.619 GC heap after
Heap after GC invocations=8 (full 1):
 PSYoungGen      total 142848K, used 9720K [0x0000000795580000, 0x00000007a4e80000, 0x00000007c0000000)
  eden space 133120K, 0% used [0x0000000795580000,0x0000000795580000,0x000000079d780000)
  from space 9728K, 99% used [0x000000079d780000,0x000000079e0fe260,0x000000079e100000)
  to   space 13312K, 0% used [0x00000007a4180000,0x00000007a4180000,0x00000007a4e80000)
 ParOldGen       total 53760K, used 12376K [0x0000000740000000, 0x0000000743480000, 0x0000000795580000)
  object space 53760K, 23% used [0x0000000740000000,0x0000000740c160f8,0x0000000743480000)
 Metaspace       used 26805K, capacity 27252K, committed 27520K, reserved 1073152K
  class space    used 3495K, capacity 3620K, committed 3712K, reserved 1048576K
}
Event: 18.316 GC heap before
{Heap before GC invocations=9 (full 1):
 PSYoungGen      total 142848K, used 142840K [0x0000000795580000, 0x00000007a4e80000, 0x00000007c0000000)
  eden space 133120K, 100% used [0x0000000795580000,0x000000079d780000,0x000000079d780000)
  from space 9728K, 99% used [0x000000079d780000,0x000000079e0fe260,0x000000079e100000)
  to   space 13312K, 0% used [0x00000007a4180000,0x00000007a4180000,0x00000007a4e80000)
 ParOldGen       total 53760K, used 12376K [0x0000000740000000, 0x0000000743480000, 0x0000000795580000)
  object space 53760K, 23% used [0x0000000740000000,0x0000000740c160f8,0x0000000743480000)
 Metaspace       used 31719K, capacity 32246K, committed 32512K, reserved 1077248K
  class space    used 4112K, capacity 4246K, committed 4352K, reserved 1048576K
Event: 18.334 GC heap after
Heap after GC invocations=9 (full 1):
 PSYoungGen      total 233472K, used 13284K [0x0000000795580000, 0x00000007a4e80000, 0x00000007c0000000)
  eden space 220160K, 0% used [0x0000000795580000,0x0000000795580000,0x00000007a2c80000)
  from space 13312K, 99% used [0x00000007a4180000,0x00000007a4e79288,0x00000007a4e80000)
  to   space 15872K, 0% used [0x00000007a2f80000,0x00000007a2f80000,0x00000007a3f00000)
 ParOldGen       total 53760K, used 14269K [0x0000000740000000, 0x0000000743480000, 0x0000000795580000)
  object space 53760K, 26% used [0x0000000740000000,0x0000000740def478,0x0000000743480000)
 Metaspace       used 31719K, capacity 32246K, committed 32512K, reserved 1077248K
  class space    used 4112K, capacity 4246K, committed 4352K, reserved 1048576K
}

